[26Jul2025 00:03:30.226] [Server thread/INFO] [net.minecraft.server.players.PlayerList/]: KairosArch[/127.88.128.135:38835] logged in with entity id 2442368 at (1049.2213264233774, 63.0, -794.5560575697683)
[26Jul2025 00:03:30.236] [Server thread/INFO] [ModernFix/]: Using enhanced recipe sync for player KairosArch
[26Jul2025 00:03:30.242] [Server thread/INFO] [net.minecraft.server.MinecraftServer/]: KairosArch joined the game
[26Jul2025 00:03:30.251] [Server thread/INFO] [Jade/]: Syncing config to KairosArch (0c768784-8fd5-3278-b680-2da651120cc7)
[26Jul2025 00:04:00.840] [Server thread/INFO] [net.minecraft.world.entity.npc.Villager/]: Villager Villager['Unemployed'/2429193, l='ServerLevel[world]', x=-6328.63, y=88.00, z=1892.72] died, message: 'Unemployed suffocated in a wall'
[26Jul2025 00:04:49.281] [Server thread/WARN] [net.minecraft.server.MinecraftServer/]: Can't keep up! Is the server overloaded? Running 2038ms or 40 ticks behind
[26Jul2025 00:05:06.545] [Server thread/WARN] [net.minecraft.server.MinecraftServer/]: Can't keep up! Is the server overloaded? Running 2002ms or 40 ticks behind
[26Jul2025 00:05:41.989] [Server thread/INFO] [net.minecraft.server.MinecraftServer/]: Aqui_Si_Ban was slain by Spider Obstructer
[26Jul2025 00:06:04.214] [Server thread/WARN] [net.minecraft.server.MinecraftServer/]: Can't keep up! Is the server overloaded? Running 2022ms or 40 ticks behind
[26Jul2025 00:06:22.209] [Server thread/WARN] [net.minecraft.server.MinecraftServer/]: Can't keep up! Is the server overloaded? Running 3016ms or 60 ticks behind
[26Jul2025 00:06:39.735] [Server thread/WARN] [net.minecraft.server.MinecraftServer/]: Can't keep up! Is the server overloaded? Running 2542ms or 50 ticks behind
[26Jul2025 00:06:59.985] [Server thread/WARN] [net.minecraft.server.MinecraftServer/]: Can't keep up! Is the server overloaded? Running 5293ms or 105 ticks behind
[26Jul2025 00:07:18.591] [Server thread/WARN] [net.minecraft.server.MinecraftServer/]: Can't keep up! Is the server overloaded? Running 3649ms or 72 ticks behind
[26Jul2025 00:07:38.895] [Server thread/WARN] [net.minecraft.server.MinecraftServer/]: Can't keep up! Is the server overloaded? Running 5352ms or 107 ticks behind
[26Jul2025 00:07:42.944] [Server thread/INFO] [net.minecraft.server.MinecraftServer/]: ander31 was slain by Centipede Evictor Larvae
[26Jul2025 00:07:59.599] [Server thread/WARN] [net.minecraft.server.MinecraftServer/]: Can't keep up! Is the server overloaded? Running 5706ms or 114 ticks behind
[26Jul2025 00:08:04.102] [Server thread/INFO] [net.minecraft.world.entity.npc.Villager/]: Villager Villager['Unemployed'/2649564, l='ServerLevel[world]', x=-7002.28, y=68.00, z=1467.63] died, message: 'Unemployed suffocated in a wall'
[26Jul2025 00:08:46.971] [Server thread/INFO] [net.minecraft.server.network.ServerGamePacketListenerImpl/]: ander31 lost connection: Disconnected
[26Jul2025 00:08:46.972] [Server thread/INFO] [net.minecraft.server.MinecraftServer/]: ander31 left the game
[26Jul2025 00:08:47.079] [Server thread/WARN] [net.minecraft.network.Connection/]: handleDisconnection() called twice
[26Jul2025 00:08:50.492] [Server thread/INFO] [net.minecraft.server.network.ServerGamePacketListenerImpl/]: Aqui_Si_Ban lost connection: Timed out
[26Jul2025 00:08:50.492] [Server thread/INFO] [net.minecraft.server.MinecraftServer/]: Aqui_Si_Ban left the game
[26Jul2025 00:08:59.217] [Server thread/INFO] [net.minecraft.server.MinecraftServer/]: blackdesfail was slain by Frostmaw
[26Jul2025 00:09:20.021] [Server thread/INFO] [net.minecraft.server.MinecraftServer/]: blackdesfail was slain by Frostmaw
[26Jul2025 00:09:21.790] [Server thread/INFO] [net.minecraft.server.players.PlayerList/]: Aqui_Si_Ban[/127.88.205.1:45771] logged in with entity id 2747236 at (667.4217194946, 63.0, 214.0890261085343)
[26Jul2025 00:09:21.793] [Server thread/INFO] [ModernFix/]: Using enhanced recipe sync for player Aqui_Si_Ban
[26Jul2025 00:09:21.800] [Server thread/INFO] [net.minecraft.server.MinecraftServer/]: Aqui_Si_Ban joined the game
[26Jul2025 00:09:21.826] [Server thread/INFO] [Jade/]: Syncing config to Aqui_Si_Ban (9014711c-b62d-33b8-a7e3-8c6952668adf)
[26Jul2025 00:09:44.341] [Server thread/INFO] [net.minecraft.server.MinecraftServer/]: blackdesfail was slain by Frostmaw
[26Jul2025 00:10:16.832] [Server thread/INFO] [net.minecraft.server.MinecraftServer/]: blackdesfail was slain by Frostmaw
[26Jul2025 00:10:50.534] [Server thread/INFO] [net.minecraft.server.MinecraftServer/]: blackdesfail has completed the challenge [Rude Awakening]
[26Jul2025 00:11:01.540] [Server thread/INFO] [net.minecraft.server.MinecraftServer/]: Stopping server
[26Jul2025 00:11:01.543] [Server thread/INFO] [net.minecraft.server.MinecraftServer/]: Saving players
[26Jul2025 00:11:01.557] [Server thread/INFO] [net.minecraft.server.MinecraftServer/]: Saving worlds
